<?xml version="1.0" encoding="UTF-8"?>
<!-- Generated by org.testng.reporters.JUnitReportReporter -->
<testsuite skipped="0" hostname="LAPTOP-CLIP7DDS" name="Firstpackage.Firstclass" tests="5" failures="0" timestamp="2021-02-07T12:10:22 IST" time="38.044" errors="0">
  <testcase name="password1" time="30.393" classname="Firstpackage.Firstclass"/>
  <system-out/>
  <testcase name="loginbutton" time="1.358" classname="Firstpackage.Firstclass"/>
  <system-out/>
  <testcase name="tofield" time="0.373" classname="Firstpackage.Firstclass"/>
  <system-out/>
  <testcase name="gettitle" time="5.555" classname="Firstpackage.Firstclass"/>
  <system-out/>
  <testcase name="password" time="0.365" classname="Firstpackage.Firstclass"/>
  <system-out/>
</testsuite> <!-- Firstpackage.Firstclass -->
