<?xml version="1.0" encoding="UTF-8"?>
<!-- Generated by org.testng.reporters.JUnitReportReporter -->
<testsuite skipped="0" hostname="LAPTOP-CLIP7DDS" name="Firstpackage.headless" tests="1" failures="0" timestamp="2021-03-20T14:30:27 IST" time="29.930" errors="0">
  <testcase name="Openbrowser" time="29.930" classname="Firstpackage.headless"/>
  <system-out/>
</testsuite> <!-- Firstpackage.headless -->
