<?xml version="1.0" encoding="UTF-8"?>
<!-- Generated by org.testng.reporters.JUnitReportReporter -->
<testsuite skipped="0" hostname="LAPTOP-CLIP7DDS" name="Firstpackage.Headlessunit" tests="1" failures="0" timestamp="2021-03-20T15:09:07 IST" time="103.995" errors="0">
  <testcase name="Openbrowser" time="103.995" classname="Firstpackage.Headlessunit"/>
  <system-out/>
</testsuite> <!-- Firstpackage.Headlessunit -->
