<?xml version="1.0" encoding="UTF-8"?>
<!-- Generated by org.testng.reporters.JUnitReportReporter -->
<testsuite skipped="0" hostname="LAPTOP-CLIP7DDS" name="Firstpackage.Firstclass" tests="5" failures="0" timestamp="2020-12-25T17:03:48 IST" time="43.158" errors="0">
  <testcase name="password1" time="30.185" classname="Firstpackage.Firstclass"/>
  <system-out/>
  <testcase name="loginbutton" time="1.294" classname="Firstpackage.Firstclass"/>
  <system-out/>
  <testcase name="password" time="0.268" classname="Firstpackage.Firstclass"/>
  <system-out/>
  <testcase name="tofield" time="0.193" classname="Firstpackage.Firstclass"/>
  <system-out/>
  <testcase name="gettitle" time="11.218" classname="Firstpackage.Firstclass"/>
  <system-out/>
</testsuite> <!-- Firstpackage.Firstclass -->
