<?xml version="1.0" encoding="UTF-8"?>
<!-- Generated by org.testng.reporters.JUnitReportReporter -->
<testsuite skipped="0" hostname="LAPTOP-CLIP7DDS" name="Firstpackage.Firstclass" tests="5" failures="0" timestamp="2021-03-27T12:48:53 IST" time="35.560" errors="0">
  <testcase name="password" time="0.298" classname="Firstpackage.Firstclass"/>
  <system-out/>
  <testcase name="password1" time="30.381" classname="Firstpackage.Firstclass"/>
  <system-out/>
  <testcase name="loginbutton" time="0.151" classname="Firstpackage.Firstclass"/>
  <system-out/>
  <testcase name="tofield" time="0.331" classname="Firstpackage.Firstclass"/>
  <system-out/>
  <testcase name="gettitle" time="4.399" classname="Firstpackage.Firstclass"/>
  <system-out/>
</testsuite> <!-- Firstpackage.Firstclass -->
